2024-01-03 14:36:21.660 [main] INFO  Freerouting v1.9.0 (build-date: 2023-10-30)
2024-01-03 14:36:21.690 [main] INFO  Settings were loaded from freerouting.json
2024-01-03 14:36:23.181 [ForkJoinPool.commonPool-worker-1] INFO  New version available: v1.9.0
2024-01-03 14:37:06.413 [AWT-EventQueue-0] INFO  Opening 'ltl.dsn'...
2024-01-03 14:37:06.984 [AWT-EventQueue-0] INFO  Opening 'ltl.rules'...
2024-01-03 14:37:17.949 [Thread-29] INFO  Starting auto-routing...
2024-01-03 14:37:20.134 [Thread-29] WARN  There were only 4,00 changes in the last 20 passes, so it's very likely that autorouter can't improve the result much further. It is recommended to stop it and finish the board manually.
2024-01-03 14:37:21.344 [Thread-29] WARN  There were only 4,00 changes in the last 40 passes, so it's very likely that autorouter can't improve the result much further. It is recommended to stop it and finish the board manually.
2024-01-03 14:37:22.490 [Thread-29] WARN  There were only 4,00 changes in the last 60 passes, so it's very likely that autorouter can't improve the result much further. It is recommended to stop it and finish the board manually.
2024-01-03 14:37:23.619 [Thread-29] WARN  There were only 4,00 changes in the last 80 passes, so it's very likely that autorouter can't improve the result much further. It is recommended to stop it and finish the board manually.
2024-01-03 14:37:24.745 [Thread-29] WARN  There were only 4,00 changes in the last 100 passes, so it's very likely that autorouter can't improve the result much further. It is recommended to stop it and finish the board manually.
2024-01-03 14:37:25.872 [Thread-29] WARN  There were only 4,00 changes in the last 120 passes, so it's very likely that autorouter can't improve the result much further. It is recommended to stop it and finish the board manually.
2024-01-03 14:37:27.007 [Thread-29] WARN  There were only 4,00 changes in the last 140 passes, so it's very likely that autorouter can't improve the result much further. It is recommended to stop it and finish the board manually.
2024-01-03 14:37:28.135 [Thread-29] WARN  There were only 4,00 changes in the last 160 passes, so it's very likely that autorouter can't improve the result much further. It is recommended to stop it and finish the board manually.
2024-01-03 14:37:29.245 [Thread-29] WARN  There were only 4,00 changes in the last 180 passes, so it's very likely that autorouter can't improve the result much further. It is recommended to stop it and finish the board manually.
2024-01-03 14:37:30.374 [Thread-29] WARN  There were only 4,00 changes in the last 200 passes, so it's very likely that autorouter can't improve the result much further. It is recommended to stop it and finish the board manually.
2024-01-03 14:37:30.375 [Thread-29] WARN  There was so little change during the recent passes that autorouter will be stopped now.
2024-01-03 14:37:30.376 [Thread-29] INFO  Auto-routing was completed in 12,43 seconds.
2024-01-03 14:37:30.481 [Thread-29] INFO  Starting route optimization on 1 thread...
2024-01-03 14:37:45.190 [Thread-29] INFO  Route optimization was completed in 14,71 seconds and it improved the design by ~50,98%.
2024-01-03 14:38:04.957 [AWT-EventQueue-0] INFO  Saving 'ltl.ses'...
2024-01-03 14:38:07.512 [AWT-EventQueue-0] INFO  Saving 'ltl.rules'...
2024-01-03 14:38:46.481 [AWT-EventQueue-0] INFO  Saving 'ltl.ses'...
2024-01-03 14:38:49.255 [AWT-EventQueue-0] INFO  Saving 'ltl.rules'...
2024-01-22 12:49:41.439 [main] INFO  Freerouting v1.7.0 (build-date: 2023-02-08)
2024-01-22 12:49:41.441 [main] DEBUG  Version: 1.7.0,2023-02-08
2024-01-22 12:49:41.442 [main] DEBUG  Command line arguments: ''
2024-01-22 12:49:41.442 [main] DEBUG  Architecture: Mac OS X,aarch64,14.2.1
2024-01-22 12:49:41.443 [main] DEBUG  Java: 19.0.2,Oracle Corporation
2024-01-22 12:49:41.443 [main] DEBUG  System Language: de,de_DE
2024-01-22 12:49:41.446 [main] DEBUG  Hardware: 10 CPU cores,8192 MB RAM
2024-01-22 12:49:41.449 [main] DEBUG  UTC Time: 2024-01-22T11:49:41.446703Z
2024-01-22 12:49:41.451 [main] DEBUG  GUI Language: de_DE
2024-01-22 12:49:41.985 [main] TRACE Method 'MainApplication.main()' was performed in 0,92 seconds.
2024-01-22 12:50:18.906 [AWT-EventQueue-0] INFO  Opening 'ltl.dsn'...
2024-01-22 12:50:19.487 [AWT-EventQueue-0] INFO  Opening 'ltl.rules'...
2024-01-22 12:50:24.713 [Thread-0] INFO  Starting auto-routing...
2024-01-22 12:50:29.441 [Thread-0] TRACE Method 'BatchAutorouter.autoroute_pass #99999 on board '233782610326d278da72d1f6b7ffe259' making 225 changes' was performed in 4,64 seconds.
2024-01-22 12:50:29.447 [Thread-0] TRACE Method 'BatchAutorouterThread.thread_action()-autorouting' was performed in 4,73 seconds.
2024-01-22 12:50:29.448 [Thread-0] INFO  Auto-routing was completed in 4,73 seconds.
2024-01-22 12:50:29.448 [Thread-0] INFO  Starting route optimization on 1 thread...
2024-01-22 12:50:30.407 [Thread-0] TRACE Method 'BatchOptRoute.opt_route_pass #1 with 37 vias and 2.622.885,01 trace length.' was performed in 0,95 seconds.
2024-01-22 12:50:31.245 [Thread-0] TRACE Method 'BatchOptRoute.opt_route_pass #2 with 37 vias and 2.622.885,01 trace length.' was performed in 0,84 seconds.
2024-01-22 12:50:31.246 [Thread-0] TRACE Method 'BatchAutorouterThread.thread_action()-routeoptimization' was performed in 1,80 seconds.
2024-01-22 12:50:31.247 [Thread-0] INFO  Route optimization was completed in 1,80 seconds.
2024-01-22 12:50:31.250 [Thread-0] TRACE Method 'BatchAutorouterThread.thread_action()' was performed in 6,54 seconds.
2024-01-22 12:51:00.741 [AWT-EventQueue-0] INFO  Saving 'ltl.ses'...
2024-01-22 12:51:02.196 [AWT-EventQueue-0] INFO  Saving 'ltl.rules'...
2024-01-22 12:51:06.512 [AWT-EventQueue-0] INFO  Saving 'ltl.ses'...
2024-02-02 01:09:06.160 [main] INFO  Freerouting v1.7.0 (build-date: 2023-02-08)
2024-02-02 01:09:06.162 [main] DEBUG  Version: 1.7.0,2023-02-08
2024-02-02 01:09:06.163 [main] DEBUG  Command line arguments: ''
2024-02-02 01:09:06.163 [main] DEBUG  Architecture: Mac OS X,aarch64,14.3
2024-02-02 01:09:06.164 [main] DEBUG  Java: 19.0.2,Oracle Corporation
2024-02-02 01:09:06.165 [main] DEBUG  System Language: de,de_DE
2024-02-02 01:09:06.167 [main] DEBUG  Hardware: 10 CPU cores,8192 MB RAM
2024-02-02 01:09:06.170 [main] DEBUG  UTC Time: 2024-02-02T00:09:06.167726Z
2024-02-02 01:09:06.173 [main] DEBUG  GUI Language: de_DE
2024-02-02 01:09:06.754 [main] TRACE Method 'MainApplication.main()' was performed in 0,93 seconds.
2024-02-02 01:09:36.050 [AWT-EventQueue-0] INFO  Opening 'ltl.dsn'...
2024-02-02 01:09:37.259 [AWT-EventQueue-0] INFO  Opening 'ltl.rules'...
2024-02-02 01:09:42.590 [Thread-0] INFO  Starting auto-routing...
2024-02-02 01:09:46.330 [Thread-0] TRACE Method 'BatchAutorouter.autoroute_pass #99999 on board 'b2664b9971123c36f3225a4672988d58' making 218 changes' was performed in 3,65 seconds.
2024-02-02 01:09:46.336 [Thread-0] TRACE Method 'BatchAutorouterThread.thread_action()-autorouting' was performed in 3,74 seconds.
2024-02-02 01:09:46.337 [Thread-0] INFO  Auto-routing was completed in 3,74 seconds.
2024-02-02 01:09:46.337 [Thread-0] INFO  Starting route optimization on 1 thread...
2024-02-02 01:09:47.096 [Thread-0] TRACE Method 'BatchOptRoute.opt_route_pass #1 with 33 vias and 2.633.059,21 trace length.' was performed in 0,76 seconds.
2024-02-02 01:09:47.779 [Thread-0] TRACE Method 'BatchOptRoute.opt_route_pass #2 with 33 vias and 2.633.059,21 trace length.' was performed in 0,68 seconds.
2024-02-02 01:09:47.780 [Thread-0] TRACE Method 'BatchAutorouterThread.thread_action()-routeoptimization' was performed in 1,44 seconds.
2024-02-02 01:09:47.780 [Thread-0] INFO  Route optimization was completed in 1,44 seconds.
2024-02-02 01:09:47.785 [Thread-0] TRACE Method 'BatchAutorouterThread.thread_action()' was performed in 5,19 seconds.
2024-02-02 01:10:06.244 [AWT-EventQueue-0] INFO  Saving 'ltl.ses'...
2024-02-02 01:10:07.766 [AWT-EventQueue-0] INFO  Saving 'ltl.rules'...
2024-02-02 01:12:26.154 [main] INFO  Freerouting v1.9.0 (build-date: 2023-10-30)
2024-02-02 01:12:27.653 [ForkJoinPool.commonPool-worker-1] INFO  New version available: v1.9.0
2024-02-02 01:13:01.169 [AWT-EventQueue-0] INFO  Opening 'ltl.dsn'...
2024-02-02 01:13:02.077 [AWT-EventQueue-0] INFO  Opening 'ltl.rules'...
2024-02-02 01:13:07.952 [Thread-28] INFO  Starting auto-routing...
2024-02-02 01:13:10.368 [Thread-28] INFO  Auto-routing was completed in 2,41 seconds.
2024-02-02 01:13:10.469 [Thread-28] INFO  Starting route optimization on 1 thread...
2024-02-02 01:13:11.646 [Thread-28] INFO  Route optimization was completed in 1,18 seconds.
2024-02-02 01:14:59.361 [Thread-46] INFO  Starting auto-routing...
2024-02-02 01:14:59.366 [Thread-46] INFO  Auto-routing was completed in 0,00 seconds.
2024-02-02 01:14:59.472 [Thread-46] INFO  Starting route optimization on 1 thread...
2024-02-02 01:15:00.568 [Thread-46] INFO  Route optimization was completed in 1,09 seconds.
2024-02-02 01:15:15.430 [AWT-EventQueue-0] INFO  Opening 'ltl.dsn'...
2024-02-02 01:15:16.351 [AWT-EventQueue-0] INFO  Opening 'ltl.rules'...
2024-02-02 01:15:23.381 [Thread-80] INFO  Starting auto-routing...
2024-02-02 01:15:24.918 [Thread-80] INFO  Auto-routing was completed in 1,53 seconds.
2024-02-02 01:15:25.019 [Thread-80] INFO  Starting route optimization on 1 thread...
2024-02-02 01:15:26.094 [Thread-80] INFO  Route optimization was completed in 1,07 seconds.
2024-02-02 01:15:35.837 [AWT-EventQueue-0] INFO  Saving 'ltl.ses'...
2024-02-02 01:15:37.430 [AWT-EventQueue-0] INFO  Saving 'ltl.rules'...
2024-02-15 22:57:35.917 [main] INFO  Freerouting v1.9.0 (build-date: 2023-10-30)
2024-02-15 22:57:35.955 [main] INFO  Settings were loaded from freerouting.json
2024-02-15 22:57:37.384 [ForkJoinPool.commonPool-worker-1] INFO  New version available: v1.9.0
2024-02-15 22:57:50.714 [AWT-EventQueue-0] INFO  Opening 'Labor Netzteil.dsn'...
2024-02-15 22:57:52.370 [AWT-EventQueue-0] INFO  Opening 'Labor Netzteil.rules'...
2024-02-15 22:57:55.291 [AWT-EventQueue-0] WARN  RulesFile.read: design_name not matching at 'Via[0-1]_800:400_um'
2024-02-15 22:58:16.979 [AWT-EventQueue-0] INFO  Opening 'ltl.dsn'...
2024-02-15 22:58:18.329 [AWT-EventQueue-0] INFO  Opening 'ltl.rules'...
2024-02-15 22:58:24.042 [Thread-62] INFO  Starting auto-routing...
2024-02-15 22:58:27.665 [Thread-62] INFO  Auto-routing was completed in 3,62 seconds.
2024-02-15 22:58:27.770 [Thread-62] INFO  Starting route optimization on 1 thread...
2024-02-15 22:58:29.213 [Thread-62] INFO  Route optimization was completed in 1,44 seconds.
2024-02-15 22:58:48.987 [Thread-80] INFO  Starting auto-routing...
2024-02-15 22:58:54.186 [Thread-80] WARN  There were only 18,20 changes in the last 20 passes, so it's very likely that autorouter can't improve the result much further. It is recommended to stop it and finish the board manually.
2024-02-15 22:58:54.649 [Thread-80] WARN  There were only 6,72 changes in the last 40 passes, so it's very likely that autorouter can't improve the result much further. It is recommended to stop it and finish the board manually.
2024-02-15 22:58:55.110 [Thread-80] WARN  There were only 4,03 changes in the last 60 passes, so it's very likely that autorouter can't improve the result much further. It is recommended to stop it and finish the board manually.
2024-02-15 22:58:55.568 [Thread-80] WARN  There were only 2,66 changes in the last 80 passes, so it's very likely that autorouter can't improve the result much further. It is recommended to stop it and finish the board manually.
2024-02-15 22:58:56.021 [Thread-80] WARN  There were only 2,14 changes in the last 100 passes, so it's very likely that autorouter can't improve the result much further. It is recommended to stop it and finish the board manually.
2024-02-15 22:58:56.469 [Thread-80] WARN  There were only 2,00 changes in the last 120 passes, so it's very likely that autorouter can't improve the result much further. It is recommended to stop it and finish the board manually.
2024-02-15 22:58:56.916 [Thread-80] WARN  There were only 2,00 changes in the last 140 passes, so it's very likely that autorouter can't improve the result much further. It is recommended to stop it and finish the board manually.
2024-02-15 22:58:57.358 [Thread-80] WARN  There were only 2,00 changes in the last 160 passes, so it's very likely that autorouter can't improve the result much further. It is recommended to stop it and finish the board manually.
2024-02-15 22:58:57.800 [Thread-80] WARN  There were only 2,00 changes in the last 180 passes, so it's very likely that autorouter can't improve the result much further. It is recommended to stop it and finish the board manually.
2024-02-15 22:58:58.243 [Thread-80] WARN  There were only 2,00 changes in the last 200 passes, so it's very likely that autorouter can't improve the result much further. It is recommended to stop it and finish the board manually.
2024-02-15 22:58:58.243 [Thread-80] WARN  There was so little change during the recent passes that autorouter will be stopped now.
2024-02-15 22:58:58.244 [Thread-80] INFO  Auto-routing was completed in 9,26 seconds.
2024-02-15 22:58:58.349 [Thread-80] INFO  Starting route optimization on 1 thread...
2024-02-15 23:03:29.422 [Thread-80] INFO  Route optimization was completed in 4 minute(s) 31,07 seconds and it improved the design by ~50,74%.
2024-02-15 23:04:11.029 [AWT-EventQueue-0] INFO  Saving 'ltl.ses'...
2024-02-15 23:04:13.469 [AWT-EventQueue-0] INFO  Saving 'ltl.rules'...
2024-02-15 23:48:20.705 [main] INFO  Freerouting v1.9.0 (build-date: 2023-10-30)
2024-02-15 23:48:20.746 [main] INFO  Settings were loaded from freerouting.json
2024-02-15 23:48:22.169 [ForkJoinPool.commonPool-worker-1] INFO  New version available: v1.9.0
2024-02-15 23:48:30.127 [AWT-EventQueue-0] INFO  Opening 'ltl.dsn'...
2024-02-15 23:48:31.716 [AWT-EventQueue-0] INFO  Opening 'ltl.rules'...
2024-02-15 23:48:38.345 [Thread-33] INFO  Starting auto-routing...
2024-02-15 23:48:43.750 [Thread-33] INFO  Auto-routing was completed in 5,40 seconds.
2024-02-15 23:48:43.856 [Thread-33] INFO  Starting route optimization on 1 thread...
2024-02-15 23:51:04.407 [Thread-33] INFO  Route optimization was completed in 2 minute(s) 20,55 seconds and it improved the design by ~51,26%.
2024-02-16 00:01:47.103 [AWT-EventQueue-0] INFO  Opening 'ltl.dsn'...
2024-02-16 00:01:48.712 [AWT-EventQueue-0] INFO  Opening 'ltl.rules'...
2024-02-16 00:01:54.505 [Thread-72] INFO  Starting auto-routing...
2024-02-16 00:01:58.289 [Thread-72] INFO  Auto-routing was completed in 3,78 seconds.
2024-02-16 00:01:58.391 [Thread-72] INFO  Starting route optimization on 1 thread...
2024-02-16 00:09:27.745 [Thread-72] INFO  Route optimization was completed in 7 minute(s) 29,35 seconds and it improved the design by ~52,77%.
2024-02-16 10:37:50.094 [main] INFO  Freerouting v1.9.0 (build-date: 2023-10-30)
2024-02-16 10:37:50.129 [main] INFO  Settings were loaded from freerouting.json
2024-02-16 10:37:51.548 [ForkJoinPool.commonPool-worker-1] INFO  New version available: v1.9.0
2024-02-16 10:38:04.641 [main] INFO  Freerouting v1.9.0 (build-date: 2023-10-30)
2024-02-16 10:38:04.670 [main] INFO  Settings were loaded from freerouting.json
2024-02-16 10:38:05.936 [ForkJoinPool.commonPool-worker-1] INFO  New version available: v1.9.0
2024-02-16 10:38:31.123 [main] INFO  Freerouting v1.9.0 (build-date: 2023-10-30)
2024-02-16 10:38:31.153 [main] INFO  Settings were loaded from freerouting.json
2024-02-16 10:38:32.189 [main] INFO  Opening '/Users/thomasstolt/OneDrive/Documents/Github/LongTermEnvLogger/kicad/ltl.ses'...
2024-02-16 10:38:32.555 [ForkJoinPool.commonPool-worker-1] INFO  New version available: v1.9.0
2024-02-16 10:38:32.715 [main] WARN  DsnFile.read: the input file is not in a Specctra DSN file format. It must be a text file starting with the '(pcb' character array.
2024-02-16 10:38:37.928 [main] WARN  Couldn't create window frame
2024-02-16 10:38:42.391 [main] INFO  Freerouting v1.9.0 (build-date: 2023-10-30)
2024-02-16 10:38:42.421 [main] INFO  Settings were loaded from freerouting.json
2024-02-16 10:38:43.454 [main] INFO  Opening '/Users/thomasstolt/OneDrive/Documents/Github/LongTermEnvLogger/kicad/ltl.dsn'...
2024-02-16 10:38:43.715 [ForkJoinPool.commonPool-worker-1] INFO  New version available: v1.9.0
2024-02-16 10:38:45.428 [main] INFO  Opening 'ltl.rules'...
