Drill report for /home/tstolt/Dokumente/Github/LongTermEnvLogger/kicad/ltl.kicad_pcb
Created on Mi 08 Apr 2020 12:20:04 CEST

Copper Layer Stackup:
    =============================================================
    L1 :  F.Cu                      front
    L2 :  B.Cu                      back


Drill file 'ltl-PTH.drl' contains
    plated through holes:
    =============================================================
    T1  0,40mm  0,016"  (32 holes)
    T2  0,50mm  0,020"  (1 hole)  (with 1 slot)
    T3  0,60mm  0,024"  (1 hole)  (with 1 slot)
    T4  0,65mm  0,026"  (22 holes)
    T5  0,75mm  0,030"  (3 holes)
    T6  0,80mm  0,031"  (22 holes)
    T7  0,90mm  0,035"  (2 holes)
    T8  0,95mm  0,037"  (3 holes)
    T9  1,10mm  0,043"  (8 holes)
    T10  2,20mm  0,087"  (4 holes)

    Total plated holes count 98


Drill file 'ltl-NPTH.drl' contains
    unplated through holes:
    =============================================================

    Total unplated holes count 0
